<?xml version="1.0" encoding="UTF-8"?>
<!-- Generated by org.testng.reporters.JUnitReportReporter -->
<testsuite hostname="RajKawale7" failures="0" tests="1" name="com.bridgelabz.spotify.SpotifyPlaylist" time="2.687" errors="0" timestamp="2022-09-11T13:38:47 IST" skipped="0">
  <testcase classname="com.bridgelabz.spotify.SpotifyPlaylist" name="getPlaylist" time="2.687"/>
  <system-out/>
</testsuite> <!-- com.bridgelabz.spotify.SpotifyPlaylist -->
